Not Found: /librarily/place/detail/46e87878-2c0f-43ba-9547-b063a18dd202/style.css
Not Found: /librarily/place/list/style.css
Not Found: /librarily/place/create/style.css
Not Found: /librarily/place/detail/9662c094-2d80-46c7-975f-4074b46a2e93/style.css
Not Found: /librarily/place/detail/9662c094-2d80-46c7-975f-4074b46a2e93/style.css
Not Found: /librarily/place/list/style.css
Not Found: /librarily/place/detail/46e87878-2c0f-43ba-9547-b063a18dd202/style.css
Not Found: /librarily/place/list/style.css
Not Found: /librarily/place/list/style.css
Not Found: /librarily/place/list/style.css
Not Found: /librarily/place/create/style.css
Not Found: /librarily/place/detail/b075a591-4633-4269-9d5e-7e903494c4d6/style.css
Not Found: /librarily/place/list/style.css
Not Found: /librarily/place/list/style.css
Not Found: /librarily/place/create/style.css
Not Found: /librarily/place/detail/534f9026-6789-4696-907a-87eef2fd10dd/style.css
Not Found: /librarily/place/list/style.css
Something went wrong!
Something went wrong!
Something went wrong!
Something went wrong!
Something went wrong!
eee
68 Jay St #718
